<?xml version="1.0" encoding="utf-8"?><testsuites name="pytest tests"><testsuite name="pytest" errors="0" failures="0" skipped="0" tests="21" time="3.123" timestamp="2026-01-29T16:39:46.914014+00:00" hostname="agent-env-04aa1440-9481-47ce-98a2-985545263f1a"><testcase classname="backend.tests.test_auth_payments_email.TestLoginFlow" name="test_login_success" time="0.367" /><testcase classname="backend.tests.test_auth_payments_email.TestLoginFlow" name="test_login_invalid_password" time="0.265" /><testcase classname="backend.tests.test_auth_payments_email.TestLoginFlow" name="test_login_invalid_email" time="0.040" /><testcase classname="backend.tests.test_auth_payments_email.TestSubscriptionStatus" name="test_get_subscription_status" time="0.310" /><testcase classname="backend.tests.test_auth_payments_email.TestSubscriptionStatus" name="test_get_payment_history" time="0.040" /><testcase classname="backend.tests.test_auth_payments_email.TestPricingPlans" name="test_get_public_plans" time="0.041" /><testcase classname="backend.tests.test_auth_payments_email.TestPricingPlans" name="test_plans_have_required_fields" time="0.043" /><testcase classname="backend.tests.test_auth_payments_email.TestStripeCheckout" name="test_create_checkout_session_basic_monthly" time="0.581" /><testcase classname="backend.tests.test_auth_payments_email.TestStripeCheckout" name="test_create_checkout_session_pro_yearly" time="0.377" /><testcase classname="backend.tests.test_auth_payments_email.TestStripeCheckout" name="test_create_checkout_session_invalid_package" time="0.041" /><testcase classname="backend.tests.test_auth_payments_email.TestStripeCheckout" name="test_checkout_requires_auth" time="0.038" /><testcase classname="backend.tests.test_auth_payments_email.TestPublicSettingsAPI" name="test_get_public_settings" time="0.039" /><testcase classname="backend.tests.test_auth_payments_email.TestPublicSettingsAPI" name="test_get_public_branding" time="0.038" /><testcase classname="backend.tests.test_auth_payments_email.TestPublicSettingsAPI" name="test_get_public_hero" time="0.039" /><testcase classname="backend.tests.test_auth_payments_email.TestPublicSettingsAPI" name="test_get_public_promo_banner" time="0.037" /><testcase classname="backend.tests.test_auth_payments_email.TestEmailSystemExports" name="test_email_module_imports" time="0.273" /><testcase classname="backend.tests.test_auth_payments_email.TestEmailSystemExports" name="test_forgot_password_endpoint" time="0.037" /><testcase classname="backend.tests.test_auth_payments_email.TestAuthMeEndpoint" name="test_get_current_user" time="0.038" /><testcase classname="backend.tests.test_auth_payments_email.TestAuthMeEndpoint" name="test_auth_me_requires_token" time="0.040" /><testcase classname="backend.tests.test_auth_payments_email.TestTokenRefresh" name="test_refresh_token" time="0.302" /><testcase classname="backend.tests.test_auth_payments_email.TestFeatureMatrix" name="test_get_feature_matrix" time="0.047" /></testsuite></testsuites>