<?xml version="1.0" encoding="utf-8"?><testsuites name="pytest tests"><testsuite name="pytest" errors="0" failures="0" skipped="0" tests="28" time="2.754" timestamp="2026-01-29T15:24:26.236068+00:00" hostname="agent-env-53537c5d-05e8-4568-bc51-7639d2bea521"><testcase classname="tests.test_admin_settings_plans.TestPublicAPIs" name="test_public_settings" time="0.062" /><testcase classname="tests.test_admin_settings_plans.TestPublicAPIs" name="test_public_branding" time="0.038" /><testcase classname="tests.test_admin_settings_plans.TestPublicAPIs" name="test_public_plans" time="0.038" /><testcase classname="tests.test_admin_settings_plans.TestPublicAPIs" name="test_public_faqs" time="0.040" /><testcase classname="tests.test_admin_settings_plans.TestPublicAPIs" name="test_public_hero" time="0.037" /><testcase classname="tests.test_admin_settings_plans.TestPublicAPIs" name="test_public_stats" time="0.041" /><testcase classname="tests.test_admin_settings_plans.TestPublicAPIs" name="test_public_testimonials" time="0.079" /><testcase classname="tests.test_admin_settings_plans.TestAdminAuth" name="test_admin_login_success" time="0.288" /><testcase classname="tests.test_admin_settings_plans.TestAdminAuth" name="test_admin_login_invalid_password" time="0.267" /><testcase classname="tests.test_admin_settings_plans.TestAdminSettings" name="test_get_all_settings" time="0.300" /><testcase classname="tests.test_admin_settings_plans.TestAdminSettings" name="test_get_branding" time="0.038" /><testcase classname="tests.test_admin_settings_plans.TestAdminSettings" name="test_update_branding" time="0.205" /><testcase classname="tests.test_admin_settings_plans.TestAdminSettings" name="test_get_ui_settings" time="0.036" /><testcase classname="tests.test_admin_settings_plans.TestAdminSettings" name="test_update_ui_settings" time="0.087" /><testcase classname="tests.test_admin_settings_plans.TestAdminSettings" name="test_get_feature_toggles" time="0.045" /><testcase classname="tests.test_admin_settings_plans.TestAdminSettings" name="test_update_feature_toggles" time="0.079" /><testcase classname="tests.test_admin_settings_plans.TestAdminSettings" name="test_get_hero_content" time="0.042" /><testcase classname="tests.test_admin_settings_plans.TestAdminSettings" name="test_update_hero_content" time="0.108" /><testcase classname="tests.test_admin_settings_plans.TestAdminSettings" name="test_get_promo_banner" time="0.039" /><testcase classname="tests.test_admin_settings_plans.TestAdminSettings" name="test_update_promo_banner" time="0.114" /><testcase classname="tests.test_admin_settings_plans.TestAdminPlans" name="test_get_all_plans" time="0.037" /><testcase classname="tests.test_admin_settings_plans.TestAdminPlans" name="test_get_plan_by_id" time="0.074" /><testcase classname="tests.test_admin_settings_plans.TestAdminPlans" name="test_create_plan" time="0.113" /><testcase classname="tests.test_admin_settings_plans.TestAdminPlans" name="test_update_plan" time="0.153" /><testcase classname="tests.test_admin_settings_plans.TestAdminPlans" name="test_toggle_popular_plan" time="0.080" /><testcase classname="tests.test_admin_settings_plans.TestAdminPlans" name="test_delete_plan" time="0.117" /><testcase classname="tests.test_admin_settings_plans.TestUnauthorizedAccess" name="test_settings_requires_auth" time="0.073" /><testcase classname="tests.test_admin_settings_plans.TestUnauthorizedAccess" name="test_plans_requires_auth" time="0.038" /></testsuite></testsuites>