<?xml version="1.0" encoding="utf-8"?><testsuites name="pytest tests"><testsuite name="pytest" errors="0" failures="2" skipped="0" tests="28" time="5.491" timestamp="2026-01-29T15:24:06.475358+00:00" hostname="agent-env-53537c5d-05e8-4568-bc51-7639d2bea521"><testcase classname="tests.test_admin_settings_plans.TestPublicAPIs" name="test_public_settings" time="0.114" /><testcase classname="tests.test_admin_settings_plans.TestPublicAPIs" name="test_public_branding" time="0.044" /><testcase classname="tests.test_admin_settings_plans.TestPublicAPIs" name="test_public_plans" time="0.039" /><testcase classname="tests.test_admin_settings_plans.TestPublicAPIs" name="test_public_faqs" time="0.121" /><testcase classname="tests.test_admin_settings_plans.TestPublicAPIs" name="test_public_hero" time="2.131" /><testcase classname="tests.test_admin_settings_plans.TestPublicAPIs" name="test_public_stats" time="0.187" /><testcase classname="tests.test_admin_settings_plans.TestPublicAPIs" name="test_public_testimonials" time="0.108" /><testcase classname="tests.test_admin_settings_plans.TestAdminAuth" name="test_admin_login_success" time="0.354" /><testcase classname="tests.test_admin_settings_plans.TestAdminAuth" name="test_admin_login_invalid_password" time="0.368" /><testcase classname="tests.test_admin_settings_plans.TestAdminSettings" name="test_get_all_settings" time="0.318" /><testcase classname="tests.test_admin_settings_plans.TestAdminSettings" name="test_get_branding" time="0.044" /><testcase classname="tests.test_admin_settings_plans.TestAdminSettings" name="test_update_branding" time="0.191" /><testcase classname="tests.test_admin_settings_plans.TestAdminSettings" name="test_get_ui_settings" time="0.038" /><testcase classname="tests.test_admin_settings_plans.TestAdminSettings" name="test_update_ui_settings" time="0.081" /><testcase classname="tests.test_admin_settings_plans.TestAdminSettings" name="test_get_feature_toggles" time="0.050" /><testcase classname="tests.test_admin_settings_plans.TestAdminSettings" name="test_update_feature_toggles" time="0.074" /><testcase classname="tests.test_admin_settings_plans.TestAdminSettings" name="test_get_hero_content" time="0.041" /><testcase classname="tests.test_admin_settings_plans.TestAdminSettings" name="test_update_hero_content" time="0.112" /><testcase classname="tests.test_admin_settings_plans.TestAdminSettings" name="test_get_promo_banner" time="0.039" /><testcase classname="tests.test_admin_settings_plans.TestAdminSettings" name="test_update_promo_banner" time="0.115" /><testcase classname="tests.test_admin_settings_plans.TestAdminPlans" name="test_get_all_plans" time="0.040" /><testcase classname="tests.test_admin_settings_plans.TestAdminPlans" name="test_get_plan_by_id" time="0.073" /><testcase classname="tests.test_admin_settings_plans.TestAdminPlans" name="test_create_plan" time="0.118" /><testcase classname="tests.test_admin_settings_plans.TestAdminPlans" name="test_update_plan" time="0.163" /><testcase classname="tests.test_admin_settings_plans.TestAdminPlans" name="test_toggle_popular_plan" time="0.100" /><testcase classname="tests.test_admin_settings_plans.TestAdminPlans" name="test_delete_plan" time="0.123" /><testcase classname="tests.test_admin_settings_plans.TestUnauthorizedAccess" name="test_settings_requires_auth" time="0.041"><failure message="assert 403 == 401&#10; +  where 403 = &lt;Response [403]&gt;.status_code">tests/test_admin_settings_plans.py:446: in test_settings_requires_auth
    assert response.status_code == 401
E   assert 403 == 401
E    +  where 403 = &lt;Response [403]&gt;.status_code</failure></testcase><testcase classname="tests.test_admin_settings_plans.TestUnauthorizedAccess" name="test_plans_requires_auth" time="0.036"><failure message="assert 403 == 401&#10; +  where 403 = &lt;Response [403]&gt;.status_code">tests/test_admin_settings_plans.py:451: in test_plans_requires_auth
    assert response.status_code == 401
E   assert 403 == 401
E    +  where 403 = &lt;Response [403]&gt;.status_code</failure></testcase></testsuite></testsuites>