<?xml version="1.0" encoding="utf-8"?><testsuites name="pytest tests"><testsuite name="pytest" errors="0" failures="1" skipped="0" tests="16" time="1.310" timestamp="2026-01-29T17:58:32.881626+00:00" hostname="agent-env-ea456b75-a898-47eb-b10f-9c3b88d03fcc"><testcase classname="backend.tests.test_feature_management.TestFeatureManagementAuth" name="test_admin_login" time="0.323" /><testcase classname="backend.tests.test_feature_management.TestFeatureInitialization" name="test_initialize_features" time="0.044" /><testcase classname="backend.tests.test_feature_management.TestFeaturePages" name="test_get_all_pages" time="0.036" /><testcase classname="backend.tests.test_feature_management.TestFeaturePages" name="test_get_single_page" time="0.079" /><testcase classname="backend.tests.test_feature_management.TestFeaturePages" name="test_update_page" time="0.157" /><testcase classname="backend.tests.test_feature_management.TestFeatureSections" name="test_get_all_sections" time="0.039" /><testcase classname="backend.tests.test_feature_management.TestFeatureSections" name="test_get_single_section" time="0.068" /><testcase classname="backend.tests.test_feature_management.TestPlatformFeatures" name="test_get_all_platform_features" time="0.036" /><testcase classname="backend.tests.test_feature_management.TestPlatformFeatures" name="test_get_single_platform_feature" time="0.073" /><testcase classname="backend.tests.test_feature_management.TestPaymentOptions" name="test_get_all_payment_options" time="0.039" /><testcase classname="backend.tests.test_feature_management.TestPaymentOptions" name="test_get_single_payment_option" time="0.072" /><testcase classname="backend.tests.test_feature_management.TestAuthOptions" name="test_get_all_auth_options" time="0.035" /><testcase classname="backend.tests.test_feature_management.TestAuthOptions" name="test_get_single_auth_option" time="0.076" /><testcase classname="backend.tests.test_feature_management.TestFeatureLogs" name="test_get_feature_logs" time="0.035" /><testcase classname="backend.tests.test_feature_management.TestBulkOperations" name="test_bulk_toggle_features" time="0.072"><failure message="AssertionError: Bulk toggle failed: {&quot;detail&quot;:[{&quot;type&quot;:&quot;missing&quot;,&quot;loc&quot;:[&quot;query&quot;,&quot;feature_type&quot;],&quot;msg&quot;:&quot;Field required&quot;,&quot;input&quot;:null,&quot;url&quot;:&quot;https://errors.pydantic.dev/2.12/v/missing&quot;},{&quot;type&quot;:&quot;missing&quot;,&quot;loc&quot;:[&quot;query&quot;,&quot;enabled&quot;],&quot;msg&quot;:&quot;Field required&quot;,&quot;input&quot;:null,&quot;url&quot;:&quot;https://errors.pydantic.dev/2.12/v/missing&quot;},{&quot;type&quot;:&quot;list_type&quot;,&quot;loc&quot;:[&quot;body&quot;],&quot;msg&quot;:&quot;Input should be a valid list&quot;,&quot;input&quot;:{&quot;feature_type&quot;:&quot;page&quot;,&quot;keys&quot;:[&quot;page_home&quot;],&quot;enabled&quot;:false},&quot;url&quot;:&quot;https://errors.pydantic.dev/2.12/v/list_type&quot;}]}&#10;assert 422 == 200&#10; +  where 422 = &lt;Response [422]&gt;.status_code">backend/tests/test_feature_management.py:342: in test_bulk_toggle_features
    assert response.status_code == 200, f"Bulk toggle failed: {response.text}"
E   AssertionError: Bulk toggle failed: {"detail":[{"type":"missing","loc":["query","feature_type"],"msg":"Field required","input":null,"url":"https://errors.pydantic.dev/2.12/v/missing"},{"type":"missing","loc":["query","enabled"],"msg":"Field required","input":null,"url":"https://errors.pydantic.dev/2.12/v/missing"},{"type":"list_type","loc":["body"],"msg":"Input should be a valid list","input":{"feature_type":"page","keys":["page_home"],"enabled":false},"url":"https://errors.pydantic.dev/2.12/v/list_type"}]}
E   assert 422 == 200
E    +  where 422 = &lt;Response [422]&gt;.status_code</failure></testcase><testcase classname="backend.tests.test_feature_management.TestBulkOperations" name="test_sync_to_site_settings" time="0.038" /></testsuite></testsuites>