<?xml version="1.0" encoding="utf-8"?><testsuites name="pytest tests"><testsuite name="pytest" errors="0" failures="0" skipped="6" tests="23" time="2.675" timestamp="2026-01-31T11:58:32.970470+00:00" hostname="agent-env-98d552e1-026f-4e8e-9d9a-b12c29903b58"><testcase classname="backend.tests.test_new_features.TestAuth" name="test_demo_user_login" time="0.386" /><testcase classname="backend.tests.test_new_features.TestAuth" name="test_admin_login" time="0.265" /><testcase classname="backend.tests.test_new_features.TestAIAnalyticsDashboard" name="test_ai_analytics_dashboard_returns_200" time="0.316" /><testcase classname="backend.tests.test_new_features.TestAIAnalyticsDashboard" name="test_ai_analytics_insights_returns_200" time="0.047" /><testcase classname="backend.tests.test_new_features.TestAIAnalyticsDashboard" name="test_ai_analytics_recommendations_returns_200" time="0.047" /><testcase classname="backend.tests.test_new_features.TestAIAnalyticsDashboard" name="test_ai_analytics_performance_returns_200" time="0.050" /><testcase classname="backend.tests.test_new_features.TestAIAnalyticsDashboard" name="test_ai_analytics_weekly_summary_returns_200" time="0.041" /><testcase classname="backend.tests.test_new_features.TestAIAnalyticsDashboard" name="test_ai_analytics_requires_auth" time="0.208" /><testcase classname="backend.tests.test_new_features.TestNotificationPreferences" name="test_get_notification_preferences_returns_200" time="0.318" /><testcase classname="backend.tests.test_new_features.TestNotificationPreferences" name="test_update_notification_preferences_returns_200" time="0.118" /><testcase classname="backend.tests.test_new_features.TestNotificationPreferences" name="test_update_multiple_preferences" time="0.046" /><testcase classname="backend.tests.test_new_features.TestNotificationPreferences" name="test_reset_notification_preferences" time="0.039" /><testcase classname="backend.tests.test_new_features.TestNotificationPreferences" name="test_notification_preferences_requires_auth" time="0.079" /><testcase classname="backend.tests.test_new_features.TestSchedulerAdmin" name="test_scheduler_status_returns_200_for_admin" time="0.322" /><testcase classname="backend.tests.test_new_features.TestSchedulerAdmin" name="test_scheduler_status_forbidden_for_regular_user" time="0.042"><skipped type="pytest.skip" message="Demo user login failed">/app/backend/tests/test_new_features.py:324: Demo user login failed</skipped></testcase><testcase classname="backend.tests.test_new_features.TestSchedulerAdmin" name="test_scheduler_status_requires_auth" time="0.037" /><testcase classname="backend.tests.test_new_features.TestSchedulerAdmin" name="test_scheduler_config_update_for_admin" time="0.065" /><testcase classname="backend.tests.test_new_features.TestInstagramInsights" name="test_instagram_insights_returns_200" time="0.036"><skipped type="pytest.skip" message="Login failed">/app/backend/tests/test_new_features.py:361: Login failed</skipped></testcase><testcase classname="backend.tests.test_new_features.TestInstagramInsights" name="test_instagram_analytics_summary_returns_200" time="0.000"><skipped type="pytest.skip" message="Login failed">/app/backend/tests/test_new_features.py:372: Login failed</skipped></testcase><testcase classname="backend.tests.test_new_features.TestInstagramInsights" name="test_instagram_account_returns_200" time="0.000"><skipped type="pytest.skip" message="Login failed">/app/backend/tests/test_new_features.py:381: Login failed</skipped></testcase><testcase classname="backend.tests.test_new_features.TestInstagramInsights" name="test_instagram_insights_requires_auth" time="0.038" /><testcase classname="backend.tests.test_new_features.TestIntegration" name="test_dashboard_data_flow" time="0.042"><skipped type="pytest.skip" message="Login failed">/app/backend/tests/test_new_features.py:411: Login failed</skipped></testcase><testcase classname="backend.tests.test_new_features.TestIntegration" name="test_notification_preferences_persist" time="0.000"><skipped type="pytest.skip" message="Login failed">/app/backend/tests/test_new_features.py:431: Login failed</skipped></testcase></testsuite></testsuites>