<?xml version="1.0" encoding="utf-8"?><testsuites name="pytest tests"><testsuite name="pytest" errors="0" failures="2" skipped="0" tests="10" time="1.976" timestamp="2026-02-01T16:15:01.601140+00:00" hostname="agent-env-e71637d7-9c29-4d87-a691-9212861d5047"><testcase classname="backend.tests.test_follower_analytics.TestFollowerAnalytics" name="test_analytics_summary_returns_follower_growth_data" time="0.408" /><testcase classname="backend.tests.test_follower_analytics.TestFollowerAnalytics" name="test_analytics_summary_has_non_zero_growth_for_demo_user" time="0.325" /><testcase classname="backend.tests.test_follower_analytics.TestFollowerAnalytics" name="test_analytics_summary_includes_targeting_quality" time="0.296" /><testcase classname="backend.tests.test_follower_analytics.TestFollowerAnalytics" name="test_account_stats_endpoint" time="0.341" /><testcase classname="backend.tests.test_follower_analytics.TestFollowerAnalytics" name="test_insights_endpoint" time="0.300" /><testcase classname="backend.tests.test_follower_analytics.TestFollowerAnalytics" name="test_oauth_status_endpoint" time="0.033"><failure message="AssertionError: Failed to get user token&#10;assert None is not None">backend/tests/test_follower_analytics.py:171: in test_oauth_status_endpoint
    assert token is not None, "Failed to get user token"
E   AssertionError: Failed to get user token
E   assert None is not None</failure></testcase><testcase classname="backend.tests.test_follower_analytics.TestFollowerAnalytics" name="test_analytics_summary_requires_auth" time="0.039" /><testcase classname="backend.tests.test_follower_analytics.TestFollowerAnalytics" name="test_account_stats_requires_auth" time="0.033" /><testcase classname="backend.tests.test_follower_analytics.TestAdminDashboard" name="test_admin_dashboard_endpoint" time="0.031"><failure message="AssertionError: Failed to get admin token&#10;assert None is not None">backend/tests/test_follower_analytics.py:225: in test_admin_dashboard_endpoint
    assert token is not None, "Failed to get admin token"
E   AssertionError: Failed to get admin token
E   assert None is not None</failure></testcase><testcase classname="backend.tests.test_follower_analytics.TestAdminDashboard" name="test_admin_dashboard_requires_admin_role" time="0.073" /></testsuite></testsuites>