<?xml version="1.0" encoding="utf-8"?><testsuites name="pytest tests"><testsuite name="pytest" errors="0" failures="0" skipped="1" tests="15" time="2.563" timestamp="2026-01-29T20:48:33.934834+00:00" hostname="agent-env-60eb0948-9da5-488c-8117-a281712e9961"><testcase classname="backend.tests.test_admin_programs_social.TestAuth" name="test_admin_login" time="0.381" /><testcase classname="backend.tests.test_admin_programs_social.TestAdminProgramsAffiliates" name="test_get_all_affiliates" time="0.356" /><testcase classname="backend.tests.test_admin_programs_social.TestAdminProgramsAffiliates" name="test_get_affiliates_with_status_filter" time="0.048" /><testcase classname="backend.tests.test_admin_programs_social.TestAdminProgramsAffiliates" name="test_affiliates_requires_auth" time="0.087" /><testcase classname="backend.tests.test_admin_programs_social.TestAdminProgramsReferrals" name="test_get_all_referrals" time="0.343" /><testcase classname="backend.tests.test_admin_programs_social.TestAdminProgramsReferrals" name="test_referrals_requires_auth" time="0.055" /><testcase classname="backend.tests.test_admin_programs_social.TestAdminProgramsSettings" name="test_get_program_settings" time="0.345" /><testcase classname="backend.tests.test_admin_programs_social.TestAdminProgramsSettings" name="test_update_affiliate_settings" time="0.100" /><testcase classname="backend.tests.test_admin_programs_social.TestAdminProgramsSettings" name="test_update_referral_settings" time="0.097" /><testcase classname="backend.tests.test_admin_programs_social.TestAdminSocialLinks" name="test_get_social_links" time="0.306" /><testcase classname="backend.tests.test_admin_programs_social.TestAdminSocialLinks" name="test_update_social_links" time="0.170" /><testcase classname="backend.tests.test_admin_programs_social.TestAdminSocialLinks" name="test_social_links_requires_auth" time="0.043" /><testcase classname="backend.tests.test_admin_programs_social.TestPublicSocialLinks" name="test_get_public_social_links" time="0.076" /><testcase classname="backend.tests.test_admin_programs_social.TestPublicSocialLinks" name="test_public_social_links_no_auth_required" time="0.039" /><testcase classname="backend.tests.test_admin_programs_social.TestAdminProgramsAnalytics" name="test_get_program_analytics" time="0.037"><skipped type="pytest.skip" message="Authentication failed">/app/backend/tests/test_admin_programs_social.py:354: Authentication failed</skipped></testcase></testsuite></testsuites>