<?xml version="1.0" encoding="utf-8"?><testsuites name="pytest tests"><testsuite name="pytest" errors="0" failures="0" skipped="0" tests="16" time="1.403" timestamp="2026-01-29T18:04:20.689131+00:00" hostname="agent-env-ea456b75-a898-47eb-b10f-9c3b88d03fcc"><testcase classname="backend.tests.test_feature_management.TestFeatureManagementAuth" name="test_admin_login" time="0.287" /><testcase classname="backend.tests.test_feature_management.TestFeatureInitialization" name="test_initialize_features" time="0.050" /><testcase classname="backend.tests.test_feature_management.TestFeaturePages" name="test_get_all_pages" time="0.040" /><testcase classname="backend.tests.test_feature_management.TestFeaturePages" name="test_get_single_page" time="0.090" /><testcase classname="backend.tests.test_feature_management.TestFeaturePages" name="test_update_page" time="0.164" /><testcase classname="backend.tests.test_feature_management.TestFeatureSections" name="test_get_all_sections" time="0.040" /><testcase classname="backend.tests.test_feature_management.TestFeatureSections" name="test_get_single_section" time="0.122" /><testcase classname="backend.tests.test_feature_management.TestPlatformFeatures" name="test_get_all_platform_features" time="0.038" /><testcase classname="backend.tests.test_feature_management.TestPlatformFeatures" name="test_get_single_platform_feature" time="0.084" /><testcase classname="backend.tests.test_feature_management.TestPaymentOptions" name="test_get_all_payment_options" time="0.042" /><testcase classname="backend.tests.test_feature_management.TestPaymentOptions" name="test_get_single_payment_option" time="0.080" /><testcase classname="backend.tests.test_feature_management.TestAuthOptions" name="test_get_all_auth_options" time="0.036" /><testcase classname="backend.tests.test_feature_management.TestAuthOptions" name="test_get_single_auth_option" time="0.077" /><testcase classname="backend.tests.test_feature_management.TestFeatureLogs" name="test_get_feature_logs" time="0.042" /><testcase classname="backend.tests.test_feature_management.TestBulkOperations" name="test_bulk_toggle_features" time="0.117" /><testcase classname="backend.tests.test_feature_management.TestBulkOperations" name="test_sync_to_site_settings" time="0.042" /></testsuite></testsuites>