<?xml version="1.0" encoding="utf-8"?><testsuites name="pytest tests"><testsuite name="pytest" errors="0" failures="2" skipped="0" tests="10" time="1.899" timestamp="2026-02-01T16:15:21.167946+00:00" hostname="agent-env-e71637d7-9c29-4d87-a691-9212861d5047"><testcase classname="backend.tests.test_follower_analytics.TestFollowerAnalytics" name="test_analytics_summary_returns_follower_growth_data" time="0.348" /><testcase classname="backend.tests.test_follower_analytics.TestFollowerAnalytics" name="test_analytics_summary_has_non_zero_growth_for_demo_user" time="0.316" /><testcase classname="backend.tests.test_follower_analytics.TestFollowerAnalytics" name="test_analytics_summary_includes_targeting_quality" time="0.313" /><testcase classname="backend.tests.test_follower_analytics.TestFollowerAnalytics" name="test_account_stats_endpoint" time="0.312" /><testcase classname="backend.tests.test_follower_analytics.TestFollowerAnalytics" name="test_insights_endpoint" time="0.308" /><testcase classname="backend.tests.test_follower_analytics.TestFollowerAnalytics" name="test_oauth_status_endpoint" time="0.035"><failure message="AssertionError: Login failed: 429&#10;assert 429 == 200&#10; +  where 429 = &lt;Response [429]&gt;.status_code">backend/tests/test_follower_analytics.py:175: in test_oauth_status_endpoint
    assert response.status_code == 200, f"Login failed: {response.status_code}"
E   AssertionError: Login failed: 429
E   assert 429 == 200
E    +  where 429 = &lt;Response [429]&gt;.status_code</failure></testcase><testcase classname="backend.tests.test_follower_analytics.TestFollowerAnalytics" name="test_analytics_summary_requires_auth" time="0.042" /><testcase classname="backend.tests.test_follower_analytics.TestFollowerAnalytics" name="test_account_stats_requires_auth" time="0.036" /><testcase classname="backend.tests.test_follower_analytics.TestAdminDashboard" name="test_admin_dashboard_endpoint" time="0.048"><failure message="AssertionError: Admin login failed: 429&#10;assert 429 == 200&#10; +  where 429 = &lt;Response [429]&gt;.status_code">backend/tests/test_follower_analytics.py:235: in test_admin_dashboard_endpoint
    assert response.status_code == 200, f"Admin login failed: {response.status_code}"
E   AssertionError: Admin login failed: 429
E   assert 429 == 200
E    +  where 429 = &lt;Response [429]&gt;.status_code</failure></testcase><testcase classname="backend.tests.test_follower_analytics.TestAdminDashboard" name="test_admin_dashboard_requires_admin_role" time="0.040" /></testsuite></testsuites>