<?xml version="1.0" encoding="utf-8"?><testsuites name="pytest tests"><testsuite name="pytest" errors="0" failures="1" skipped="0" tests="11" time="7.098" timestamp="2026-01-31T11:43:49.875830+00:00" hostname="agent-env-98d552e1-026f-4e8e-9d9a-b12c29903b58"><testcase classname="backend.tests.test_forgot_reset_password.TestForgotPasswordAPI" name="test_forgot_password_valid_email" time="5.284" /><testcase classname="backend.tests.test_forgot_reset_password.TestForgotPasswordAPI" name="test_forgot_password_nonexistent_email" time="0.059" /><testcase classname="backend.tests.test_forgot_reset_password.TestForgotPasswordAPI" name="test_forgot_password_invalid_email_format" time="0.081" /><testcase classname="backend.tests.test_forgot_reset_password.TestForgotPasswordAPI" name="test_forgot_password_empty_email" time="0.040" /><testcase classname="backend.tests.test_forgot_reset_password.TestResetPasswordAPI" name="test_reset_password_invalid_token" time="0.043" /><testcase classname="backend.tests.test_forgot_reset_password.TestResetPasswordAPI" name="test_reset_password_missing_token" time="0.039" /><testcase classname="backend.tests.test_forgot_reset_password.TestResetPasswordAPI" name="test_reset_password_missing_password" time="0.039" /><testcase classname="backend.tests.test_forgot_reset_password.TestStripePaymentAPI" name="test_checkout_session_requires_auth" time="0.038"><failure message="assert 403 == 401&#10; +  where 403 = &lt;Response [403]&gt;.status_code">backend/tests/test_forgot_reset_password.py:121: in test_checkout_session_requires_auth
    assert response.status_code == 401
E   assert 403 == 401
E    +  where 403 = &lt;Response [403]&gt;.status_code</failure></testcase><testcase classname="backend.tests.test_forgot_reset_password.TestStripePaymentAPI" name="test_checkout_session_with_auth" time="0.830" /><testcase classname="backend.tests.test_forgot_reset_password.TestStripePaymentAPI" name="test_checkout_session_invalid_package" time="0.296" /><testcase classname="backend.tests.test_forgot_reset_password.TestLoginForgotPasswordLink" name="test_login_endpoint_exists" time="0.268" /></testsuite></testsuites>