<?xml version="1.0" encoding="utf-8"?><testsuites name="pytest tests"><testsuite name="pytest" errors="5" failures="0" skipped="3" tests="13" time="2.020" timestamp="2026-01-30T04:07:48.958060+00:00" hostname="agent-env-cdf54f0b-281b-4da7-8b04-28c3e967889d"><testcase classname="backend.tests.test_checkout_coupons.TestCouponValidation" name="test_validate_welcome20_coupon" time="0.394" /><testcase classname="backend.tests.test_checkout_coupons.TestCouponValidation" name="test_validate_first50_coupon" time="0.302" /><testcase classname="backend.tests.test_checkout_coupons.TestCouponValidation" name="test_validate_adverlyx10_coupon" time="0.296" /><testcase classname="backend.tests.test_checkout_coupons.TestCouponValidation" name="test_validate_growth25_coupon" time="0.300" /><testcase classname="backend.tests.test_checkout_coupons.TestCouponValidation" name="test_validate_invalid_coupon" time="0.299" /><testcase classname="backend.tests.test_checkout_coupons.TestCouponValidation" name="test_validate_coupon_case_insensitive" time="0.038"><error message="failed on setup with &quot;AssertionError: Login failed: {&quot;detail&quot;:&quot;Too many requests. Please try again in 58 seconds.&quot;}&#10;assert 429 == 200&#10; +  where 429 = &lt;Response [429]&gt;.status_code&quot;">backend/tests/test_checkout_coupons.py:28: in setup
    assert response.status_code == 200, f"Login failed: {response.text}"
E   AssertionError: Login failed: {"detail":"Too many requests. Please try again in 58 seconds."}
E   assert 429 == 200
E    +  where 429 = &lt;Response [429]&gt;.status_code</error></testcase><testcase classname="backend.tests.test_checkout_coupons.TestAdminCouponManagement" name="test_get_all_coupons" time="0.035"><skipped type="pytest.skip" message="Admin login failed - skipping admin tests">/app/backend/tests/test_checkout_coupons.py:125: Admin login failed - skipping admin tests</skipped></testcase><testcase classname="backend.tests.test_checkout_coupons.TestAdminCouponManagement" name="test_create_coupon" time="0.033"><skipped type="pytest.skip" message="Admin login failed - skipping admin tests">/app/backend/tests/test_checkout_coupons.py:135: Admin login failed - skipping admin tests</skipped></testcase><testcase classname="backend.tests.test_checkout_coupons.TestAdminCouponManagement" name="test_create_duplicate_coupon_fails" time="0.037"><skipped type="pytest.skip" message="Admin login failed - skipping admin tests">/app/backend/tests/test_checkout_coupons.py:161: Admin login failed - skipping admin tests</skipped></testcase><testcase classname="backend.tests.test_checkout_coupons.TestPaymentEndpoints" name="test_get_subscription_status" time="0.031"><error message="failed on setup with &quot;assert 429 == 200&#10; +  where 429 = &lt;Response [429]&gt;.status_code&quot;">backend/tests/test_checkout_coupons.py:202: in setup
    assert response.status_code == 200
E   assert 429 == 200
E    +  where 429 = &lt;Response [429]&gt;.status_code</error></testcase><testcase classname="backend.tests.test_checkout_coupons.TestPaymentEndpoints" name="test_get_payment_history" time="0.033"><error message="failed on setup with &quot;assert 429 == 200&#10; +  where 429 = &lt;Response [429]&gt;.status_code&quot;">backend/tests/test_checkout_coupons.py:202: in setup
    assert response.status_code == 200
E   assert 429 == 200
E    +  where 429 = &lt;Response [429]&gt;.status_code</error></testcase><testcase classname="backend.tests.test_checkout_coupons.TestTargetingDisplay" name="test_get_targeting_settings" time="0.076"><error message="failed on setup with &quot;assert 429 == 200&#10; +  where 429 = &lt;Response [429]&gt;.status_code&quot;">backend/tests/test_checkout_coupons.py:237: in setup
    assert response.status_code == 200
E   assert 429 == 200
E    +  where 429 = &lt;Response [429]&gt;.status_code</error></testcase><testcase classname="backend.tests.test_checkout_coupons.TestTargetingDisplay" name="test_update_targeting_settings" time="0.032"><error message="failed on setup with &quot;assert 429 == 200&#10; +  where 429 = &lt;Response [429]&gt;.status_code&quot;">backend/tests/test_checkout_coupons.py:237: in setup
    assert response.status_code == 200
E   assert 429 == 200
E    +  where 429 = &lt;Response [429]&gt;.status_code</error></testcase></testsuite></testsuites>