<?xml version="1.0" encoding="utf-8"?><testsuites name="pytest tests"><testsuite name="pytest" errors="0" failures="0" skipped="0" tests="14" time="2.946" timestamp="2026-02-01T15:25:08.769309+00:00" hostname="agent-env-e71637d7-9c29-4d87-a691-9212861d5047"><testcase classname="tests.test_growth_engine_ga.TestAuth" name="test_admin_login" time="0.297" /><testcase classname="tests.test_growth_engine_ga.TestAuth" name="test_user_login" time="0.263" /><testcase classname="tests.test_growth_engine_ga.TestGrowthEngineConfig" name="test_get_config_admin" time="0.298" /><testcase classname="tests.test_growth_engine_ga.TestGrowthEngineConfig" name="test_get_config_user_forbidden" time="0.297" /><testcase classname="tests.test_growth_engine_ga.TestGrowthEngineAdminStats" name="test_get_admin_stats" time="0.041" /><testcase classname="tests.test_growth_engine_ga.TestGrowthEngineAdminStats" name="test_admin_stats_user_forbidden" time="0.033" /><testcase classname="tests.test_growth_engine_ga.TestGrowthEngineCampaigns" name="test_get_campaigns_admin" time="0.041" /><testcase classname="tests.test_growth_engine_ga.TestGrowthEngineCampaigns" name="test_get_campaign_by_id" time="0.035" /><testcase classname="tests.test_growth_engine_ga.TestGrowthEngineSuggestions" name="test_get_campaign_suggestions" time="1.289" /><testcase classname="tests.test_growth_engine_ga.TestGoogleAnalyticsCredentials" name="test_get_credentials_status" time="0.041" /><testcase classname="tests.test_growth_engine_ga.TestGoogleAnalyticsCredentials" name="test_credentials_status_user_forbidden" time="0.036" /><testcase classname="tests.test_growth_engine_ga.TestAdminChartsTraffic" name="test_get_traffic_data" time="0.082" /><testcase classname="tests.test_growth_engine_ga.TestAdminChartsTraffic" name="test_get_dashboard_summary" time="0.083" /><testcase classname="tests.test_growth_engine_ga.TestGrowthEngineAllCampaigns" name="test_get_all_campaigns_admin" time="0.040" /></testsuite></testsuites>