<?xml version="1.0" encoding="utf-8"?><testsuites name="pytest tests"><testsuite name="pytest" errors="0" failures="0" skipped="4" tests="19" time="2.123" timestamp="2026-01-31T07:04:10.798187+00:00" hostname="agent-env-b02d6821-fd26-48b6-9dda-0cb79546cc97"><testcase classname="tests.test_admin_refactored.TestAdminAuth" name="test_admin_login" time="0.323" /><testcase classname="tests.test_admin_refactored.TestAdminDashboard" name="test_get_dashboard" time="0.304" /><testcase classname="tests.test_admin_refactored.TestAdminUsersManagement" name="test_get_users_list" time="0.312" /><testcase classname="tests.test_admin_refactored.TestAdminUsersManagement" name="test_get_users_with_search" time="0.038" /><testcase classname="tests.test_admin_refactored.TestAdminUsersManagement" name="test_get_single_user" time="0.083" /><testcase classname="tests.test_admin_refactored.TestAdminSubscriptionsManagement" name="test_get_subscriptions_list" time="0.302" /><testcase classname="tests.test_admin_refactored.TestAdminPaymentsManagement" name="test_get_payments_list" time="0.304" /><testcase classname="tests.test_admin_refactored.TestAdminTicketsManagement" name="test_get_tickets_list" time="0.032"><skipped type="pytest.skip" message="Admin login failed">/app/backend/tests/test_admin_refactored.py:194: Admin login failed</skipped></testcase><testcase classname="tests.test_admin_refactored.TestWeeklyReportsAPI" name="test_get_weekly_reports_history" time="0.036"><skipped type="pytest.skip" message="Admin login failed">/app/backend/tests/test_admin_refactored.py:222: Admin login failed</skipped></testcase><testcase classname="tests.test_admin_refactored.TestWeeklyReportsAPI" name="test_weekly_reports_history_requires_auth" time="0.038" /><testcase classname="tests.test_admin_refactored.TestWeeklyReportsAPI" name="test_weekly_reports_preview_requires_auth" time="0.037" /><testcase classname="tests.test_admin_refactored.TestWeeklyReportsAPI" name="test_weekly_reports_send_requires_auth" time="0.038" /><testcase classname="tests.test_admin_refactored.TestWeeklyReportsAPI" name="test_preview_report_for_user" time="0.000"><skipped type="pytest.skip" message="Admin login failed">/app/backend/tests/test_admin_refactored.py:250: Admin login failed</skipped></testcase><testcase classname="tests.test_admin_refactored.TestAdminPlans" name="test_get_plans_list" time="0.033"><skipped type="pytest.skip" message="Admin login failed">/app/backend/tests/test_admin_refactored.py:285: Admin login failed</skipped></testcase><testcase classname="tests.test_admin_refactored.TestAuthenticationRequired" name="test_dashboard_requires_auth" time="0.034" /><testcase classname="tests.test_admin_refactored.TestAuthenticationRequired" name="test_users_requires_auth" time="0.033" /><testcase classname="tests.test_admin_refactored.TestAuthenticationRequired" name="test_subscriptions_requires_auth" time="0.037" /><testcase classname="tests.test_admin_refactored.TestAuthenticationRequired" name="test_payments_requires_auth" time="0.037" /><testcase classname="tests.test_admin_refactored.TestAuthenticationRequired" name="test_tickets_requires_auth" time="0.035" /></testsuite></testsuites>