<?xml version="1.0" encoding="utf-8"?><testsuites name="pytest tests"><testsuite name="pytest" errors="0" failures="0" skipped="1" tests="16" time="2.155" timestamp="2026-01-31T07:44:27.804393+00:00" hostname="agent-env-b02d6821-fd26-48b6-9dda-0cb79546cc97"><testcase classname="backend.tests.test_admin_enhanced.TestAdminAuth" name="test_admin_login" time="0.328" /><testcase classname="backend.tests.test_admin_enhanced.TestAdminSettings" name="test_get_settings" time="0.305" /><testcase classname="backend.tests.test_admin_enhanced.TestAdminSettings" name="test_get_branding" time="0.038" /><testcase classname="backend.tests.test_admin_enhanced.TestAdminSettings" name="test_get_ui_settings" time="0.039" /><testcase classname="backend.tests.test_admin_enhanced.TestAdminSettings" name="test_get_features" time="0.040" /><testcase classname="backend.tests.test_admin_enhanced.TestAdminPromotions" name="test_get_promotions_dashboard" time="0.305" /><testcase classname="backend.tests.test_admin_enhanced.TestAdminPromotions" name="test_get_icps" time="0.036" /><testcase classname="backend.tests.test_admin_enhanced.TestAdminPromotions" name="test_get_ab_tests" time="0.038" /><testcase classname="backend.tests.test_admin_enhanced.TestAdminPromotions" name="test_get_campaigns" time="0.036" /><testcase classname="backend.tests.test_admin_enhanced.TestAdminUsersManagement" name="test_get_users_list" time="0.305" /><testcase classname="backend.tests.test_admin_enhanced.TestAdminUsersManagement" name="test_get_user_details" time="0.089" /><testcase classname="backend.tests.test_admin_enhanced.TestAdminUsersManagement" name="test_update_user" time="0.083" /><testcase classname="backend.tests.test_admin_enhanced.TestGrowthTracking" name="test_get_growth_status_as_admin" time="0.339" /><testcase classname="backend.tests.test_admin_enhanced.TestAdminPlans" name="test_get_plans" time="0.040"><skipped type="pytest.skip" message="Admin login failed">/app/backend/tests/test_admin_enhanced.py:320: Admin login failed</skipped></testcase><testcase classname="backend.tests.test_admin_enhanced.TestPublicEndpoints" name="test_get_public_settings" time="0.034" /><testcase classname="backend.tests.test_admin_enhanced.TestPublicEndpoints" name="test_get_public_plans" time="0.037" /></testsuite></testsuites>