<?xml version="1.0" encoding="utf-8"?><testsuites name="pytest tests"><testsuite name="pytest" errors="0" failures="0" skipped="2" tests="10" time="1.895" timestamp="2026-01-31T06:44:27.111442+00:00" hostname="agent-env-b02d6821-fd26-48b6-9dda-0cb79546cc97"><testcase classname="backend.tests.test_admin_email_settings.TestAdminEmailSettings" name="test_get_email_settings" time="0.339" /><testcase classname="backend.tests.test_admin_email_settings.TestAdminEmailSettings" name="test_password_is_masked" time="0.271" /><testcase classname="backend.tests.test_admin_email_settings.TestAdminEmailSettings" name="test_update_email_settings" time="0.392" /><testcase classname="backend.tests.test_admin_email_settings.TestAdminEmailSettings" name="test_update_with_masked_password_keeps_existing" time="0.334" /><testcase classname="backend.tests.test_admin_email_settings.TestAdminEmailSettings" name="test_validation_required_fields" time="0.307" /><testcase classname="backend.tests.test_admin_email_settings.TestAdminEmailSettings" name="test_test_email_endpoint_exists" time="0.038"><skipped type="pytest.skip" message="Admin login failed: 429 - {&quot;detail&quot;:&quot;Too many requests. Please try again in 58 seconds.&quot;}">/app/backend/tests/test_admin_email_settings.py:196: Admin login failed: 429 - {"detail":"Too many requests. Please try again in 58 seconds."}</skipped></testcase><testcase classname="backend.tests.test_admin_email_settings.TestEmailSettingsUnauthorized" name="test_get_email_settings_requires_auth" time="0.038" /><testcase classname="backend.tests.test_admin_email_settings.TestEmailSettingsUnauthorized" name="test_update_email_settings_requires_auth" time="0.039" /><testcase classname="backend.tests.test_admin_email_settings.TestEmailSettingsUnauthorized" name="test_test_email_requires_auth" time="0.037" /><testcase classname="backend.tests.test_admin_email_settings.TestEmailSettingsNonAdmin" name="test_regular_user_cannot_access_email_settings" time="0.040"><skipped type="pytest.skip" message="Regular user login failed - skipping role test">/app/backend/tests/test_admin_email_settings.py:292: Regular user login failed - skipping role test</skipped></testcase></testsuite></testsuites>