<?xml version="1.0" encoding="utf-8"?><testsuites name="pytest tests"><testsuite name="pytest" errors="0" failures="1" skipped="0" tests="14" time="3.166" timestamp="2026-02-01T15:23:18.457043+00:00" hostname="agent-env-e71637d7-9c29-4d87-a691-9212861d5047"><testcase classname="tests.test_growth_engine_ga.TestAuth" name="test_admin_login" time="0.329" /><testcase classname="tests.test_growth_engine_ga.TestAuth" name="test_user_login" time="0.263" /><testcase classname="tests.test_growth_engine_ga.TestGrowthEngineConfig" name="test_get_config_admin" time="0.313" /><testcase classname="tests.test_growth_engine_ga.TestGrowthEngineConfig" name="test_get_config_user_forbidden" time="0.323" /><testcase classname="tests.test_growth_engine_ga.TestGrowthEngineAdminStats" name="test_get_admin_stats" time="0.042" /><testcase classname="tests.test_growth_engine_ga.TestGrowthEngineAdminStats" name="test_admin_stats_user_forbidden" time="0.042" /><testcase classname="tests.test_growth_engine_ga.TestGrowthEngineCampaigns" name="test_get_campaigns_admin" time="0.038" /><testcase classname="tests.test_growth_engine_ga.TestGrowthEngineCampaigns" name="test_get_campaign_by_id" time="0.039" /><testcase classname="tests.test_growth_engine_ga.TestGrowthEngineSuggestions" name="test_get_campaign_suggestions" time="1.345" /><testcase classname="tests.test_growth_engine_ga.TestGoogleAnalyticsCredentials" name="test_get_credentials_status" time="0.045" /><testcase classname="tests.test_growth_engine_ga.TestGoogleAnalyticsCredentials" name="test_credentials_status_user_forbidden" time="0.040" /><testcase classname="tests.test_growth_engine_ga.TestAdminChartsTraffic" name="test_get_traffic_data" time="0.087"><failure message="AssertionError: assert ('page_views' in {'chart_data': [{'date': 'Jan 03', 'page_views': 263, 'unique_visitors': 184}, {'date': 'Jan 04', 'page_views': 230, 'unique_visitors': 161}, {'date': 'Jan 05', 'page_views': 257, 'unique_visitors': 179}, {'date': 'Jan 06', 'page_views': 256, 'unique_visitors': 179}, {'date': 'Jan 07', 'page_views': 211, 'unique_visitors': 147}, {'date': 'Jan 08', 'page_views': 216, 'unique_visitors': 151}, ...], 'summary': {'average_bounce_rate': 33.3, 'average_session_duration': 2.91, 'period_days': 30, 'total_page_views': 5569, ...}} or 'total_page_views' in {'chart_data': [{'date': 'Jan 03', 'page_views': 263, 'unique_visitors': 184}, {'date': 'Jan 04', 'page_views': 230, 'unique_visitors': 161}, {'date': 'Jan 05', 'page_views': 257, 'unique_visitors': 179}, {'date': 'Jan 06', 'page_views': 256, 'unique_visitors': 179}, {'date': 'Jan 07', 'page_views': 211, 'unique_visitors': 147}, {'date': 'Jan 08', 'page_views': 216, 'unique_visitors': 151}, ...], 'summary': {'average_bounce_rate': 33.3, 'average_session_duration': 2.91, 'period_days': 30, 'total_page_views': 5569, ...}})">tests/test_growth_engine_ga.py:259: in test_get_traffic_data
    assert "page_views" in data or "total_page_views" in data
E   AssertionError: assert ('page_views' in {'chart_data': [{'date': 'Jan 03', 'page_views': 263, 'unique_visitors': 184}, {'date': 'Jan 04', 'page_views': 230, 'unique_visitors': 161}, {'date': 'Jan 05', 'page_views': 257, 'unique_visitors': 179}, {'date': 'Jan 06', 'page_views': 256, 'unique_visitors': 179}, {'date': 'Jan 07', 'page_views': 211, 'unique_visitors': 147}, {'date': 'Jan 08', 'page_views': 216, 'unique_visitors': 151}, ...], 'summary': {'average_bounce_rate': 33.3, 'average_session_duration': 2.91, 'period_days': 30, 'total_page_views': 5569, ...}} or 'total_page_views' in {'chart_data': [{'date': 'Jan 03', 'page_views': 263, 'unique_visitors': 184}, {'date': 'Jan 04', 'page_views': 230, 'unique_visitors': 161}, {'date': 'Jan 05', 'page_views': 257, 'unique_visitors': 179}, {'date': 'Jan 06', 'page_views': 256, 'unique_visitors': 179}, {'date': 'Jan 07', 'page_views': 211, 'unique_visitors': 147}, {'date': 'Jan 08', 'page_views': 216, 'unique_visitors': 151}, ...], 'summary': {'average_bounce_rate': 33.3, 'average_session_duration': 2.91, 'period_days': 30, 'total_page_views': 5569, ...}})</failure></testcase><testcase classname="tests.test_growth_engine_ga.TestAdminChartsTraffic" name="test_get_dashboard_summary" time="0.082" /><testcase classname="tests.test_growth_engine_ga.TestGrowthEngineAllCampaigns" name="test_get_all_campaigns_admin" time="0.076" /></testsuite></testsuites>