<?xml version="1.0" encoding="utf-8"?><testsuites name="pytest tests"><testsuite name="pytest" errors="0" failures="6" skipped="4" tests="19" time="2.179" timestamp="2026-01-31T07:02:12.543419+00:00" hostname="agent-env-b02d6821-fd26-48b6-9dda-0cb79546cc97"><testcase classname="tests.test_admin_refactored.TestAdminAuth" name="test_admin_login" time="0.350"><failure message="AssertionError: assert 'token' in {'access_token': 'eyJhbGciOiJIUzI1NiIsInR5cCI6IkpXVCJ9.eyJzdWIiOiJmMzFjYmY0Ny1lMmE5LTQxYjEtODE1NS02ZDc5MTBjZWM2ODkiLCJlbWFpbCI6ImFkbWluQGFkdmVybHl4LmNvbSIsInJvbGUiOiJhZG1pbiIsImV4cCI6MTc2OTkyOTMzMiwidHlwZSI6ImFjY2VzcyJ9.CZB2dYvs7x1mynAggolS9RP1TlaJzOYHE_G2XZF_dkY', 'refresh_token': 'eyJhbGciOiJIUzI1NiIsInR5cCI6IkpXVCJ9.eyJzdWIiOiJmMzFjYmY0Ny1lMmE5LTQxYjEtODE1NS02ZDc5MTBjZWM2ODkiLCJlbWFpbCI6ImFkbWluQGFkdmVybHl4LmNvbSIsInJvbGUiOiJhZG1pbiIsImV4cCI6MTc3MjQzNDkzMiwidHlwZSI6InJlZnJlc2gifQ.A_CsDEw0h3C9TeMdyjbSgCYi27xGhWr9ESnmzyknN1c', 'token_type': 'bearer', 'user': {'ai_analysis': None, 'avatar_url': None, 'created_at': '2026-01-29T14:49:33.576702Z', 'current_plan': None, ...}}">tests/test_admin_refactored.py:39: in test_admin_login
    assert "token" in data
E   AssertionError: assert 'token' in {'access_token': 'eyJhbGciOiJIUzI1NiIsInR5cCI6IkpXVCJ9.eyJzdWIiOiJmMzFjYmY0Ny1lMmE5LTQxYjEtODE1NS02ZDc5MTBjZWM2ODkiLCJlbWFpbCI6ImFkbWluQGFkdmVybHl4LmNvbSIsInJvbGUiOiJhZG1pbiIsImV4cCI6MTc2OTkyOTMzMiwidHlwZSI6ImFjY2VzcyJ9.CZB2dYvs7x1mynAggolS9RP1TlaJzOYHE_G2XZF_dkY', 'refresh_token': 'eyJhbGciOiJIUzI1NiIsInR5cCI6IkpXVCJ9.eyJzdWIiOiJmMzFjYmY0Ny1lMmE5LTQxYjEtODE1NS02ZDc5MTBjZWM2ODkiLCJlbWFpbCI6ImFkbWluQGFkdmVybHl4LmNvbSIsInJvbGUiOiJhZG1pbiIsImV4cCI6MTc3MjQzNDkzMiwidHlwZSI6InJlZnJlc2gifQ.A_CsDEw0h3C9TeMdyjbSgCYi27xGhWr9ESnmzyknN1c', 'token_type': 'bearer', 'user': {'ai_analysis': None, 'avatar_url': None, 'created_at': '2026-01-29T14:49:33.576702Z', 'current_plan': None, ...}}</failure></testcase><testcase classname="tests.test_admin_refactored.TestAdminDashboard" name="test_get_dashboard" time="0.304"><failure message="assert 401 == 200&#10; +  where 401 = &lt;Response [401]&gt;.status_code">tests/test_admin_refactored.py:63: in test_get_dashboard
    assert response.status_code == 200
E   assert 401 == 200
E    +  where 401 = &lt;Response [401]&gt;.status_code</failure></testcase><testcase classname="tests.test_admin_refactored.TestAdminUsersManagement" name="test_get_users_list" time="0.306"><failure message="assert 401 == 200&#10; +  where 401 = &lt;Response [401]&gt;.status_code">tests/test_admin_refactored.py:92: in test_get_users_list
    assert response.status_code == 200
E   assert 401 == 200
E    +  where 401 = &lt;Response [401]&gt;.status_code</failure></testcase><testcase classname="tests.test_admin_refactored.TestAdminUsersManagement" name="test_get_users_with_search" time="0.039"><failure message="assert 401 == 200&#10; +  where 401 = &lt;Response [401]&gt;.status_code">tests/test_admin_refactored.py:109: in test_get_users_with_search
    assert response.status_code == 200
E   assert 401 == 200
E    +  where 401 = &lt;Response [401]&gt;.status_code</failure></testcase><testcase classname="tests.test_admin_refactored.TestAdminUsersManagement" name="test_get_single_user" time="0.037" /><testcase classname="tests.test_admin_refactored.TestAdminSubscriptionsManagement" name="test_get_subscriptions_list" time="0.296"><failure message="assert 401 == 200&#10; +  where 401 = &lt;Response [401]&gt;.status_code">tests/test_admin_refactored.py:151: in test_get_subscriptions_list
    assert response.status_code == 200
E   assert 401 == 200
E    +  where 401 = &lt;Response [401]&gt;.status_code</failure></testcase><testcase classname="tests.test_admin_refactored.TestAdminPaymentsManagement" name="test_get_payments_list" time="0.297"><failure message="assert 401 == 200&#10; +  where 401 = &lt;Response [401]&gt;.status_code">tests/test_admin_refactored.py:182: in test_get_payments_list
    assert response.status_code == 200
E   assert 401 == 200
E    +  where 401 = &lt;Response [401]&gt;.status_code</failure></testcase><testcase classname="tests.test_admin_refactored.TestAdminTicketsManagement" name="test_get_tickets_list" time="0.038"><skipped type="pytest.skip" message="Admin login failed">/app/backend/tests/test_admin_refactored.py:207: Admin login failed</skipped></testcase><testcase classname="tests.test_admin_refactored.TestWeeklyReportsAPI" name="test_get_weekly_reports_history" time="0.036"><skipped type="pytest.skip" message="Admin login failed">/app/backend/tests/test_admin_refactored.py:238: Admin login failed</skipped></testcase><testcase classname="tests.test_admin_refactored.TestWeeklyReportsAPI" name="test_weekly_reports_history_requires_auth" time="0.034" /><testcase classname="tests.test_admin_refactored.TestWeeklyReportsAPI" name="test_weekly_reports_preview_requires_auth" time="0.033" /><testcase classname="tests.test_admin_refactored.TestWeeklyReportsAPI" name="test_weekly_reports_send_requires_auth" time="0.040" /><testcase classname="tests.test_admin_refactored.TestWeeklyReportsAPI" name="test_preview_report_for_user" time="0.000"><skipped type="pytest.skip" message="Admin login failed">/app/backend/tests/test_admin_refactored.py:266: Admin login failed</skipped></testcase><testcase classname="tests.test_admin_refactored.TestAdminPlans" name="test_get_plans_list" time="0.041"><skipped type="pytest.skip" message="Admin login failed">/app/backend/tests/test_admin_refactored.py:304: Admin login failed</skipped></testcase><testcase classname="tests.test_admin_refactored.TestAuthenticationRequired" name="test_dashboard_requires_auth" time="0.034" /><testcase classname="tests.test_admin_refactored.TestAuthenticationRequired" name="test_users_requires_auth" time="0.034" /><testcase classname="tests.test_admin_refactored.TestAuthenticationRequired" name="test_subscriptions_requires_auth" time="0.073" /><testcase classname="tests.test_admin_refactored.TestAuthenticationRequired" name="test_payments_requires_auth" time="0.036" /><testcase classname="tests.test_admin_refactored.TestAuthenticationRequired" name="test_tickets_requires_auth" time="0.039" /></testsuite></testsuites>