<?xml version="1.0" encoding="utf-8"?><testsuites name="pytest tests"><testsuite name="pytest" errors="0" failures="1" skipped="0" tests="11" time="6.883" timestamp="2026-01-31T11:47:13.291649+00:00" hostname="agent-env-98d552e1-026f-4e8e-9d9a-b12c29903b58"><testcase classname="backend.tests.test_forgot_reset_password.TestForgotPasswordAPI" name="test_forgot_password_valid_email" time="5.067" /><testcase classname="backend.tests.test_forgot_reset_password.TestForgotPasswordAPI" name="test_forgot_password_nonexistent_email" time="0.063"><failure message="assert 429 == 200&#10; +  where 429 = &lt;Response [429]&gt;.status_code">backend/tests/test_forgot_reset_password.py:34: in test_forgot_password_nonexistent_email
    assert response.status_code == 200
E   assert 429 == 200
E    +  where 429 = &lt;Response [429]&gt;.status_code</failure></testcase><testcase classname="backend.tests.test_forgot_reset_password.TestForgotPasswordAPI" name="test_forgot_password_invalid_email_format" time="0.040" /><testcase classname="backend.tests.test_forgot_reset_password.TestForgotPasswordAPI" name="test_forgot_password_empty_email" time="0.041" /><testcase classname="backend.tests.test_forgot_reset_password.TestResetPasswordAPI" name="test_reset_password_invalid_token" time="0.040" /><testcase classname="backend.tests.test_forgot_reset_password.TestResetPasswordAPI" name="test_reset_password_missing_token" time="0.078" /><testcase classname="backend.tests.test_forgot_reset_password.TestResetPasswordAPI" name="test_reset_password_missing_password" time="0.075" /><testcase classname="backend.tests.test_forgot_reset_password.TestStripePaymentAPI" name="test_checkout_session_requires_auth" time="0.037" /><testcase classname="backend.tests.test_forgot_reset_password.TestStripePaymentAPI" name="test_checkout_session_with_auth" time="0.765" /><testcase classname="backend.tests.test_forgot_reset_password.TestStripePaymentAPI" name="test_checkout_session_invalid_package" time="0.323" /><testcase classname="backend.tests.test_forgot_reset_password.TestLoginForgotPasswordLink" name="test_login_endpoint_exists" time="0.272" /></testsuite></testsuites>